# JRE version: Java(TM) SE Runtime Environment (8.0_201-b09) (build 1.8.0_201-b09)
# Java VM: Java HotSpot(TM) 64-Bit Server VM (25.201-b09 mixed mode windows-amd64 compressed oops)
Heap:
 PSYoungGen      total 6656K, used 4905K [0x00000000ec100000, 0x00000000ec800000, 0x0000000100000000)
  eden space 6144K, 79% used [0x00000000ec100000,0x00000000ec5ca710,0x00000000ec700000)
  from space 512K, 0% used [0x00000000ec780000,0x00000000ec780000,0x00000000ec800000)
  to   space 512K, 0% used [0x00000000ec700000,0x00000000ec700000,0x00000000ec780000)
 ParOldGen       total 9728K, used 6061K [0x00000000c4200000, 0x00000000c4b80000, 0x00000000ec100000)
  object space 9728K, 62% used [0x00000000c4200000,0x00000000c47eb420,0x00000000c4b80000)
 Metaspace       used 7591K, capacity 8436K, committed 8704K, reserved 1056768K
  class space    used 906K, capacity 944K, committed 1024K, reserved 1048576K
GC Heap History (10 events):
Event: 0.890 GC heap before
{Heap before GC invocations=4 (full 0):
 PSYoungGen      total 3584K, used 3567K [0x00000000ec100000, 0x00000000ec800000, 0x0000000100000000)
  eden space 3072K, 100% used [0x00000000ec100000,0x00000000ec400000,0x00000000ec400000)
  from space 512K, 96% used [0x00000000ec400000,0x00000000ec47bc20,0x00000000ec480000)
  to   space 512K, 0% used [0x00000000ec780000,0x00000000ec780000,0x00000000ec800000)
 ParOldGen       total 5632K, used 600K [0x00000000c4200000, 0x00000000c4780000, 0x00000000ec100000)
  object space 5632K, 10% used [0x00000000c4200000,0x00000000c4296020,0x00000000c4780000)
 Metaspace       used 6047K, capacity 7276K, committed 7552K, reserved 1056768K
  class space    used 760K, capacity 808K, committed 896K, reserved 1048576K
Event: 0.892 GC heap after
Heap after GC invocations=4 (full 0):
 PSYoungGen      total 6656K, used 512K [0x00000000ec100000, 0x00000000ec800000, 0x0000000100000000)
  eden space 6144K, 0% used [0x00000000ec100000,0x00000000ec100000,0x00000000ec700000)
  from space 512K, 100% used [0x00000000ec780000,0x00000000ec800000,0x00000000ec800000)
  to   space 512K, 0% used [0x00000000ec700000,0x00000000ec700000,0x00000000ec780000)
 ParOldGen       total 5632K, used 884K [0x00000000c4200000, 0x00000000c4780000, 0x00000000ec100000)
  object space 5632K, 15% used [0x00000000c4200000,0x00000000c42dd040,0x00000000c4780000)
 Metaspace       used 6047K, capacity 7276K, committed 7552K, reserved 1056768K
  class space    used 760K, capacity 808K, committed 896K, reserved 1048576K
}
Event: 2.695 GC heap before
{Heap before GC invocations=5 (full 0):
 PSYoungGen      total 6656K, used 6656K [0x00000000ec100000, 0x00000000ec800000, 0x0000000100000000)
  eden space 6144K, 100% used [0x00000000ec100000,0x00000000ec700000,0x00000000ec700000)
  from space 512K, 100% used [0x00000000ec780000,0x00000000ec800000,0x00000000ec800000)
  to   space 512K, 0% used [0x00000000ec700000,0x00000000ec700000,0x00000000ec780000)
 ParOldGen       total 5632K, used 884K [0x00000000c4200000, 0x00000000c4780000, 0x00000000ec100000)
  object space 5632K, 15% used [0x00000000c4200000,0x00000000c42dd040,0x00000000c4780000)
 Metaspace       used 7327K, capacity 8212K, committed 8448K, reserved 1056768K
  class space    used 888K, capacity 912K, committed 1024K, reserved 1048576K
Event: 2.702 GC heap after
Heap after GC invocations=5 (full 0):
 PSYoungGen      total 6656K, used 512K [0x00000000ec100000, 0x00000000ec800000, 0x0000000100000000)
  eden space 6144K, 0% used [0x00000000ec100000,0x00000000ec100000,0x00000000ec700000)
  from space 512K, 100% used [0x00000000ec700000,0x00000000ec780000,0x00000000ec780000)
  to   space 512K, 0% used [0x00000000ec780000,0x00000000ec780000,0x00000000ec800000)
 ParOldGen       total 5632K, used 3954K [0x00000000c4200000, 0x00000000c4780000, 0x00000000ec100000)
  object space 5632K, 70% used [0x00000000c4200000,0x00000000c45dc868,0x00000000c4780000)
 Metaspace       used 7327K, capacity 8212K, committed 8448K, reserved 1056768K
  class space    used 888K, capacity 912K, committed 1024K, reserved 1048576K
}
Event: 2.702 GC heap before
{Heap before GC invocations=6 (full 1):
 PSYoungGen      total 6656K, used 512K [0x00000000ec100000, 0x00000000ec800000, 0x0000000100000000)
  eden space 6144K, 0% used [0x00000000ec100000,0x00000000ec100000,0x00000000ec700000)
  from space 512K, 100% used [0x00000000ec700000,0x00000000ec780000,0x00000000ec780000)
  to   space 512K, 0% used [0x00000000ec780000,0x00000000ec780000,0x00000000ec800000)
 ParOldGen       total 5632K, used 3954K [0x00000000c4200000, 0x00000000c4780000, 0x00000000ec100000)
  object space 5632K, 70% used [0x00000000c4200000,0x00000000c45dc868,0x00000000c4780000)
 Metaspace       used 7327K, capacity 8212K, committed 8448K, reserved 1056768K
  class space    used 888K, capacity 912K, committed 1024K, reserved 1048576K
Event: 2.740 GC heap after
Heap after GC invocations=6 (full 1):
 PSYoungGen      total 6656K, used 0K [0x00000000ec100000, 0x00000000ec800000, 0x0000000100000000)
  eden space 6144K, 0% used [0x00000000ec100000,0x00000000ec100000,0x00000000ec700000)
  from space 512K, 0% used [0x00000000ec700000,0x00000000ec700000,0x00000000ec780000)
  to   space 512K, 0% used [0x00000000ec780000,0x00000000ec780000,0x00000000ec800000)
 ParOldGen       total 9728K, used 4313K [0x00000000c4200000, 0x00000000c4b80000, 0x00000000ec100000)
  object space 9728K, 44% used [0x00000000c4200000,0x00000000c4636468,0x00000000c4b80000)
 Metaspace       used 7327K, capacity 8212K, committed 8448K, reserved 1056768K
  class space    used 888K, capacity 912K, committed 1024K, reserved 1048576K
}
Event: 2.927 GC heap before
{Heap before GC invocations=7 (full 1):
 PSYoungGen      total 6656K, used 6144K [0x00000000ec100000, 0x00000000ec800000, 0x0000000100000000)
  eden space 6144K, 100% used [0x00000000ec100000,0x00000000ec700000,0x00000000ec700000)
  from space 512K, 0% used [0x00000000ec700000,0x00000000ec700000,0x00000000ec780000)
  to   space 512K, 0% used [0x00000000ec780000,0x00000000ec780000,0x00000000ec800000)
 ParOldGen       total 9728K, used 4313K [0x00000000c4200000, 0x00000000c4b80000, 0x00000000ec100000)
  object space 9728K, 44% used [0x00000000c4200000,0x00000000c4636468,0x00000000c4b80000)
 Metaspace       used 7399K, capacity 8308K, committed 8448K, reserved 1056768K
  class space    used 892K, capacity 944K, committed 1024K, reserved 1048576K
Event: 2.934 GC heap after
Heap after GC invocations=7 (full 1):
 PSYoungGen      total 6656K, used 503K [0x00000000ec100000, 0x00000000ec800000, 0x0000000100000000)
  eden space 6144K, 0% used [0x00000000ec100000,0x00000000ec100000,0x00000000ec700000)
  from space 512K, 98% used [0x00000000ec780000,0x00000000ec7fde78,0x00000000ec800000)
  to   space 512K, 0% used [0x00000000ec700000,0x00000000ec700000,0x00000000ec780000)
 ParOldGen       total 9728K, used 7522K [0x00000000c4200000, 0x00000000c4b80000, 0x00000000ec100000)
  object space 9728K, 77% used [0x00000000c4200000,0x00000000c4958b28,0x00000000c4b80000)
 Metaspace       used 7399K, capacity 8308K, committed 8448K, reserved 1056768K
  class space    used 892K, capacity 944K, committed 1024K, reserved 1048576K
}
Event: 2.934 GC heap before
{Heap before GC invocations=8 (full 2):
 PSYoungGen      total 6656K, used 503K [0x00000000ec100000, 0x00000000ec800000, 0x0000000100000000)
  eden space 6144K, 0% used [0x00000000ec100000,0x00000000ec100000,0x00000000ec700000)
  from space 512K, 98% used [0x00000000ec780000,0x00000000ec7fde78,0x00000000ec800000)
  to   space 512K, 0% used [0x00000000ec700000,0x00000000ec700000,0x00000000ec780000)
 ParOldGen       total 9728K, used 7522K [0x00000000c4200000, 0x00000000c4b80000, 0x00000000ec100000)
  object space 9728K, 77% used [0x00000000c4200000,0x00000000c4958b28,0x00000000c4b80000)
 Metaspace       used 7399K, capacity 8308K, committed 8448K, reserved 1056768K
  class space    used 892K, capacity 944K, committed 1024K, reserved 1048576K
Event: 2.980 GC heap after
Heap after GC invocations=8 (full 2):
 PSYoungGen      total 6656K, used 0K [0x00000000ec100000, 0x00000000ec800000, 0x0000000100000000)
  eden space 6144K, 0% used [0x00000000ec100000,0x00000000ec100000,0x00000000ec700000)
  from space 512K, 0% used [0x00000000ec780000,0x00000000ec780000,0x00000000ec800000)
  to   space 512K, 0% used [0x00000000ec700000,0x00000000ec700000,0x00000000ec780000)
 ParOldGen       total 9728K, used 6061K [0x00000000c4200000, 0x00000000c4b80000, 0x00000000ec100000)
  object space 9728K, 62% used [0x00000000c4200000,0x00000000c47eb420,0x00000000c4b80000)
 Metaspace       used 7399K, capacity 8308K, committed 8448K, reserved 1056768K
  class space    used 892K, capacity 944K, committed 1024K, reserved 1048576K
}

